Arguments: 
  E:\nodejs\node.exe E:\bin\yarn.js

PATH: 
  C:\Windows\system32;C:\Windows;C:\Windows\System32\Wbem;C:\Windows\System32\WindowsPowerShell\v1.0\;C:\Windows\System32\OpenSSH\;C:\Program Files (x86)\NVIDIA Corporation\PhysX\Common;C:\Program Files\NVIDIA Corporation\NVIDIA NvDLISR;E:\Git\cmd;E:\nodejs\;C:\Program Files\Microsoft SQL Server\150\Tools\Binn\;C:\Program Files\Microsoft SQL Server\Client SDK\ODBC\170\Tools\Binn\;C:\Program Files\dotnet\;C:\Program Files (x86)\dotnet\;E:\bin\;E:\postgress\bin;C:\Users\DELL\AppData\Local\Programs\Python\Python37\Scripts\;C:\Users\DELL\AppData\Local\Programs\Python\Python37\;C:\Users\DELL\AppData\Local\Microsoft\WindowsApps;E:\Microsoft VS Code\bin;C:\Users\DELL\AppData\Roaming\npm;E:\nodejs;C:\Users\DELL\.dotnet\tools;C:\Users\DELL\AppData\Local\Yarn\bin;E:\PostgreSQL\14\bin;;E:\JetBrains\DataGrip 2021.3.4\bin;

Yarn version: 
  1.22.4

Node version: 
  16.13.2

Platform: 
  win32 x64

Trace: 
  Error: getaddrinfo ENOTFOUND registry.yarnpkg.com
      at GetAddrInfoReqWrap.onlookup [as oncomplete] (node:dns:71:26)

npm manifest: 
  {
    "name": "cars-api",
    "description": "API service for the CRUD operations on cars database",
    "version": "0.0.1",
    "license": "MIT",
    "type": "module",
    "scripts": {
      "start": "NODE_ENV=production node src/index.js",
      "start:dev": "NODE_ENV=development nodemon --watch src/ src/index.js",
      "lint": "eslint src",
      "lint:fix": "eslint src --fix",
      "seed": "knex seed:run --knexfile src/knexfile.js",
      "seed:create": "knex seed:make --knexfile src/knexfile.js",
      "migrate": "knex migrate:latest --knexfile src/knexfile.js",
      "rollback": "knex migrate:rollback --knexfile src/knexfile.js",
      "migrate:create": "knex migrate:make --knexfile src/knexfile.js",
      "prettify": "prettier --single-quote --print-width 120  --write \"src/**/*.js\""
    },
    "dependencies": {
      "@hapi/boom": "^9.1.4",
      "bcrypt": "^5.0.1",
      "body-parser": "^1.19.1",
      "camelize": "^1.0.0",
      "cor": "^0.0.0",
      "cors": "^2.8.5",
      "diskdb": "^0.1.17",
      "dotenv": "^16.0.0",
      "express": "^4.17.2",
      "helmet": "^5.0.2",
      "http-status-codes": "^2.2.0",
      "joi": "^17.6.0",
      "knex": "^1.0.3",
      "morgan": "^1.10.0",
      "mysql": "^2.18.1",
      "nodemon": "^2.0.15",
      "pg": "^8.7.3",
      "serve-favicon": "^2.5.0",
      "snakeize": "^0.1.0",
      "winston": "^3.5.1"
    },
    "devDependencies": {
      "eslint": "^8.9.0",
      "eslint-config-prettier": "^8.3.0",
      "eslint-plugin-prettier": "^4.0.0",
      "prettier": "^2.5.1"
    }
  }

yarn manifest: 
  No manifest

Lockfile: 
  # THIS IS AN AUTOGENERATED FILE. DO NOT EDIT THIS FILE DIRECTLY.
  # yarn lockfile v1
  
  
  cors@^2.8.5:
    version "2.8.5"
    resolved "https://registry.yarnpkg.com/cors/-/cors-2.8.5.tgz#eac11da51592dd86b9f06f6e7ac293b3df875d29"
    integrity sha512-KIHbLJqu73RGr/hnbrO9uBeixNGuvSQjul/jdFvS/KFSIH1hWVd1ng7zOHx+YrEfInLG7q4n6GHQ9cDtxv/P6g==
    dependencies:
      object-assign "^4"
      vary "^1"
  
  helmet@^5.0.2:
    version "5.0.2"
    resolved "https://registry.yarnpkg.com/helmet/-/helmet-5.0.2.tgz#3264ec6bab96c82deaf65e3403c369424cb2366c"
    integrity sha512-QWlwUZZ8BtlvwYVTSDTBChGf8EOcQ2LkGMnQJxSzD1mUu8CCjXJZq/BXP8eWw4kikRnzlhtYo3lCk0ucmYA3Vg==
  
  object-assign@^4:
    version "4.1.1"
    resolved "https://registry.yarnpkg.com/object-assign/-/object-assign-4.1.1.tgz#2109adc7965887cfc05cbbd442cac8bfbb360863"
    integrity sha1-IQmtx5ZYh8/AXLvUQsrIv7s2CGM=
  
  vary@^1:
    version "1.1.2"
    resolved "https://registry.yarnpkg.com/vary/-/vary-1.1.2.tgz#2299f02c6ded30d4a5961b0b9f74524a18f634fc"
    integrity sha1-IpnwLG3tMNSllhsLn3RSShj2NPw=
